{"C:\\Users\\BrianArayathel\\Programming\\Training\\Cognizant\\233_cognizant\\2332_cognizant_java_fs\\examples\\week_6\\React\\react-testing\\src\\App.tsx": {"path":"C:\\Users\\BrianArayathel\\Programming\\Training\\Cognizant\\233_cognizant\\2332_cognizant_java_fs\\examples\\week_6\\React\\react-testing\\src\\App.tsx","statementMap":{"0":{"start":{"line":1,"column":0},"end":{"line":1,"column":32}},"1":{"start":{"line":2,"column":0},"end":{"line":2,"column":42}},"2":{"start":{"line":3,"column":0},"end":{"line":3,"column":32}},"3":{"start":{"line":4,"column":0},"end":{"line":4,"column":18}},"4":{"start":{"line":7,"column":28},"end":{"line":7,"column":39}},"5":{"start":{"line":9,"column":2},"end":{"line":32,"column":null}},"6":{"start":{"line":21,"column":31},"end":{"line":21,"column":61}},"7":{"start":{"line":21,"column":51},"end":{"line":21,"column":60}},"8":{"start":{"line":35,"column":0},"end":{"line":35,"column":null}}},"fnMap":{"0":{"name":"App","decl":{"start":{"line":6,"column":9},"end":{"line":6,"column":12}},"loc":{"start":{"line":6,"column":12},"end":{"line":33,"column":1}}},"1":{"name":"(anonymous_1)","decl":{"start":{"line":21,"column":25},"end":{"line":21,"column":28}},"loc":{"start":{"line":21,"column":31},"end":{"line":21,"column":61}}},"2":{"name":"(anonymous_2)","decl":{"start":{"line":21,"column":40},"end":{"line":21,"column":41}},"loc":{"start":{"line":21,"column":51},"end":{"line":21,"column":60}}}},"branchMap":{},"s":{"0":0,"1":0,"2":0,"3":0,"4":0,"5":0,"6":0,"7":0,"8":0},"f":{"0":0,"1":0,"2":0},"b":{}}
,"C:\\Users\\BrianArayathel\\Programming\\Training\\Cognizant\\233_cognizant\\2332_cognizant_java_fs\\examples\\week_6\\React\\react-testing\\src\\main.tsx": {"path":"C:\\Users\\BrianArayathel\\Programming\\Training\\Cognizant\\233_cognizant\\2332_cognizant_java_fs\\examples\\week_6\\React\\react-testing\\src\\main.tsx","statementMap":{"0":{"start":{"line":1,"column":0},"end":{"line":1,"column":34}},"1":{"start":{"line":2,"column":0},"end":{"line":2,"column":45}},"2":{"start":{"line":3,"column":0},"end":{"line":3,"column":20}},"3":{"start":{"line":4,"column":0},"end":{"line":4,"column":27}},"4":{"start":{"line":6,"column":0},"end":{"line":10,"column":null}}},"fnMap":{},"branchMap":{},"s":{"0":0,"1":0,"2":0,"3":0,"4":0},"f":{},"b":{}}
,"C:\\Users\\BrianArayathel\\Programming\\Training\\Cognizant\\233_cognizant\\2332_cognizant_java_fs\\examples\\week_6\\React\\react-testing\\src\\Components\\Async\\Async.tsx": {"path":"C:\\Users\\BrianArayathel\\Programming\\Training\\Cognizant\\233_cognizant\\2332_cognizant_java_fs\\examples\\week_6\\React\\react-testing\\src\\Components\\Async\\Async.tsx","statementMap":{"0":{"start":{"line":1,"column":0},"end":{"line":1,"column":50}},"1":{"start":{"line":4,"column":28},"end":{"line":4,"column":52}},"2":{"start":{"line":6,"column":4},"end":{"line":10,"column":null}},"3":{"start":{"line":7,"column":8},"end":{"line":9,"column":null}},"4":{"start":{"line":8,"column":30},"end":{"line":8,"column":45}},"5":{"start":{"line":9,"column":26},"end":{"line":9,"column":39}},"6":{"start":{"line":12,"column":2},"end":{"line":25,"column":null}},"7":{"start":{"line":28,"column":0},"end":{"line":28,"column":null}}},"fnMap":{"0":{"name":"Async","decl":{"start":{"line":3,"column":9},"end":{"line":3,"column":14}},"loc":{"start":{"line":3,"column":14},"end":{"line":26,"column":1}}},"1":{"name":"(anonymous_1)","decl":{"start":{"line":6,"column":14},"end":{"line":6,"column":17}},"loc":{"start":{"line":6,"column":19},"end":{"line":10,"column":5}}},"2":{"name":"(anonymous_2)","decl":{"start":{"line":8,"column":18},"end":{"line":8,"column":26}},"loc":{"start":{"line":8,"column":30},"end":{"line":8,"column":45}}},"3":{"name":"(anonymous_3)","decl":{"start":{"line":9,"column":18},"end":{"line":9,"column":22}},"loc":{"start":{"line":9,"column":26},"end":{"line":9,"column":39}}}},"branchMap":{},"s":{"0":1,"1":2,"2":2,"3":1,"4":1,"5":1,"6":2,"7":1},"f":{"0":2,"1":1,"2":1,"3":1},"b":{}}
,"C:\\Users\\BrianArayathel\\Programming\\Training\\Cognizant\\233_cognizant\\2332_cognizant_java_fs\\examples\\week_6\\React\\react-testing\\src\\Components\\Counter\\Counter.tsx": {"path":"C:\\Users\\BrianArayathel\\Programming\\Training\\Cognizant\\233_cognizant\\2332_cognizant_java_fs\\examples\\week_6\\React\\react-testing\\src\\Components\\Counter\\Counter.tsx","statementMap":{"0":{"start":{"line":1,"column":0},"end":{"line":1,"column":39}},"1":{"start":{"line":5,"column":30},"end":{"line":5,"column":41}},"2":{"start":{"line":7,"column":22},"end":{"line":9,"column":5}},"3":{"start":{"line":8,"column":8},"end":{"line":8,"column":28}},"4":{"start":{"line":11,"column":22},"end":{"line":13,"column":5}},"5":{"start":{"line":12,"column":8},"end":{"line":12,"column":28}},"6":{"start":{"line":15,"column":2},"end":{"line":21,"column":null}},"7":{"start":{"line":24,"column":0},"end":{"line":24,"column":null}}},"fnMap":{"0":{"name":"Counter","decl":{"start":{"line":3,"column":9},"end":{"line":3,"column":16}},"loc":{"start":{"line":3,"column":16},"end":{"line":22,"column":1}}},"1":{"name":"(anonymous_1)","decl":{"start":{"line":7,"column":22},"end":{"line":7,"column":25}},"loc":{"start":{"line":7,"column":27},"end":{"line":9,"column":5}}},"2":{"name":"(anonymous_2)","decl":{"start":{"line":11,"column":22},"end":{"line":11,"column":25}},"loc":{"start":{"line":11,"column":27},"end":{"line":13,"column":5}}}},"branchMap":{},"s":{"0":1,"1":4,"2":4,"3":1,"4":4,"5":1,"6":4,"7":1},"f":{"0":4,"1":1,"2":1},"b":{}}
,"C:\\Users\\BrianArayathel\\Programming\\Training\\Cognizant\\233_cognizant\\2332_cognizant_java_fs\\examples\\week_6\\React\\react-testing\\src\\Components\\Greeting\\Greeting.tsx": {"path":"C:\\Users\\BrianArayathel\\Programming\\Training\\Cognizant\\233_cognizant\\2332_cognizant_java_fs\\examples\\week_6\\React\\react-testing\\src\\Components\\Greeting\\Greeting.tsx","statementMap":{"0":{"start":{"line":1,"column":0},"end":{"line":1,"column":39}},"1":{"start":{"line":5,"column":42},"end":{"line":5,"column":57}},"2":{"start":{"line":7,"column":30},"end":{"line":9,"column":5}},"3":{"start":{"line":8,"column":8},"end":{"line":8,"column":29}},"4":{"start":{"line":11,"column":2},"end":{"line":21,"column":null}},"5":{"start":{"line":24,"column":0},"end":{"line":24,"column":null}}},"fnMap":{"0":{"name":"Greeting","decl":{"start":{"line":3,"column":9},"end":{"line":3,"column":17}},"loc":{"start":{"line":3,"column":17},"end":{"line":22,"column":1}}},"1":{"name":"(anonymous_1)","decl":{"start":{"line":7,"column":30},"end":{"line":7,"column":33}},"loc":{"start":{"line":7,"column":35},"end":{"line":9,"column":5}}}},"branchMap":{"0":{"loc":{"start":{"line":15,"column":9},"end":{"line":15,"column":53}},"type":"binary-expr","locations":[{"start":{"line":15,"column":9},"end":{"line":15,"column":21}},{"start":{"line":15,"column":25},"end":{"line":15,"column":53}}]},"1":{"loc":{"start":{"line":16,"column":9},"end":{"line":16,"column":50}},"type":"binary-expr","locations":[{"start":{"line":16,"column":9},"end":{"line":16,"column":20}},{"start":{"line":16,"column":24},"end":{"line":16,"column":50}}]}},"s":{"0":1,"1":5,"2":5,"3":3,"4":5,"5":1},"f":{"0":5,"1":3},"b":{"0":[5,3],"1":[5,2]}}
}
