TN:
SF:src\App.tsx
FN:6,App
FN:21,(anonymous_1)
FN:21,(anonymous_2)
FNF:3
FNH:0
FNDA:0,App
FNDA:0,(anonymous_1)
FNDA:0,(anonymous_2)
DA:1,0
DA:2,0
DA:3,0
DA:4,0
DA:7,0
DA:9,0
DA:21,0
DA:35,0
LF:8
LH:0
BRF:0
BRH:0
end_of_record
TN:
SF:src\main.tsx
FNF:0
FNH:0
DA:1,0
DA:2,0
DA:3,0
DA:4,0
DA:6,0
LF:5
LH:0
BRF:0
BRH:0
end_of_record
TN:
SF:src\Components\Async\Async.tsx
FN:3,Async
FN:6,(anonymous_1)
FN:8,(anonymous_2)
FN:9,(anonymous_3)
FNF:4
FNH:4
FNDA:2,Async
FNDA:1,(anonymous_1)
FNDA:1,(anonymous_2)
FNDA:1,(anonymous_3)
DA:1,1
DA:4,2
DA:6,2
DA:7,1
DA:8,1
DA:9,1
DA:12,2
DA:28,1
LF:8
LH:8
BRF:0
BRH:0
end_of_record
TN:
SF:src\Components\Counter\Counter.tsx
FN:3,Counter
FN:7,(anonymous_1)
FN:11,(anonymous_2)
FNF:3
FNH:3
FNDA:4,Counter
FNDA:1,(anonymous_1)
FNDA:1,(anonymous_2)
DA:1,1
DA:5,4
DA:7,4
DA:8,1
DA:11,4
DA:12,1
DA:15,4
DA:24,1
LF:8
LH:8
BRF:0
BRH:0
end_of_record
TN:
SF:src\Components\Greeting\Greeting.tsx
FN:3,Greeting
FN:7,(anonymous_1)
FNF:2
FNH:2
FNDA:5,Greeting
FNDA:3,(anonymous_1)
DA:1,1
DA:5,5
DA:7,5
DA:8,3
DA:11,5
DA:24,1
LF:6
LH:6
BRDA:15,0,0,5
BRDA:15,0,1,3
BRDA:16,1,0,5
BRDA:16,1,1,2
BRF:4
BRH:4
end_of_record
